[debug] [2023-10-28T03:54:20.325Z] ----------------------------------------------------------------------
[debug] [2023-10-28T03:54:20.328Z] Command:       C:\Program Files\nodejs\node.exe C:\Users\Omar Jaramillo\AppData\Roaming\npm\node_modules\firebase-tools\lib\bin\firebase.js init
[debug] [2023-10-28T03:54:20.329Z] CLI Version:   12.7.0
[debug] [2023-10-28T03:54:20.329Z] Platform:      win32
[debug] [2023-10-28T03:54:20.329Z] Node Version:  v20.9.0
[debug] [2023-10-28T03:54:20.329Z] Time:          Sat Oct 28 2023 05:54:20 GMT+0200 (hora de verano de Europa central)
[debug] [2023-10-28T03:54:20.329Z] ----------------------------------------------------------------------
[debug] 
[debug] [2023-10-28T03:54:20.335Z] > command requires scopes: ["email","openid","https://www.googleapis.com/auth/cloudplatformprojects.readonly","https://www.googleapis.com/auth/firebase","https://www.googleapis.com/auth/cloud-platform"]
[debug] [2023-10-28T03:54:20.336Z] > authorizing via signed-in user (omarjaramillo8@gmail.com)
[info] 
     ######## #### ########  ######## ########     ###     ######  ########
     ##        ##  ##     ## ##       ##     ##  ##   ##  ##       ##
     ######    ##  ########  ######   ########  #########  ######  ######
     ##        ##  ##    ##  ##       ##     ## ##     ##       ## ##
     ##       #### ##     ## ######## ########  ##     ##  ######  ########

You're about to initialize a Firebase project in this directory:

  C:\Users\Omar Jaramillo\firebase

[info] 
=== Project Setup
[info] 
[info] First, let's associate this project directory with a Firebase project.
[info] You can create multiple project aliases by running firebase use --add, 
[info] but for now we'll just set up a default project.
[info] 
[debug] [2023-10-28T03:54:48.424Z] >>> [apiv2][query] GET https://firebase.googleapis.com/v1beta1/projects pageSize=100
[debug] [2023-10-28T03:54:49.005Z] <<< [apiv2][status] GET https://firebase.googleapis.com/v1beta1/projects 200
[debug] [2023-10-28T03:54:49.005Z] <<< [apiv2][body] GET https://firebase.googleapis.com/v1beta1/projects [omitted]
[info] i  Using project sistema-bab37 (sistema) 
[info] 
=== Database Setup
[info] i  database: ensuring required API firebasedatabase.googleapis.com is enabled... 
[debug] [2023-10-28T03:54:49.946Z] >>> [apiv2][query] GET https://serviceusage.googleapis.com/v1/projects/sistema-bab37/services/firebasedatabase.googleapis.com [none]
[debug] [2023-10-28T03:54:49.946Z] >>> [apiv2][(partial)header] GET https://serviceusage.googleapis.com/v1/projects/sistema-bab37/services/firebasedatabase.googleapis.com x-goog-quota-user=projects/sistema-bab37
[debug] [2023-10-28T03:54:50.633Z] <<< [apiv2][status] GET https://serviceusage.googleapis.com/v1/projects/sistema-bab37/services/firebasedatabase.googleapis.com 200
[debug] [2023-10-28T03:54:50.634Z] <<< [apiv2][body] GET https://serviceusage.googleapis.com/v1/projects/sistema-bab37/services/firebasedatabase.googleapis.com [omitted]
[info] +  database: required API firebasedatabase.googleapis.com is enabled 
[info] 
[debug] [2023-10-28T03:54:50.635Z] >>> [apiv2][query] GET https://firebasedatabase.googleapis.com/v1beta/projects/sistema-bab37/locations/-/instances/sistema-bab37-default-rtdb [none]
[debug] [2023-10-28T03:54:51.442Z] <<< [apiv2][status] GET https://firebasedatabase.googleapis.com/v1beta/projects/sistema-bab37/locations/-/instances/sistema-bab37-default-rtdb 200
[debug] [2023-10-28T03:54:51.442Z] <<< [apiv2][body] GET https://firebasedatabase.googleapis.com/v1beta/projects/sistema-bab37/locations/-/instances/sistema-bab37-default-rtdb {"name":"projects/588431641122/locations/us-central1/instances/sistema-bab37-default-rtdb","project":"projects/588431641122","databaseUrl":"https://sistema-bab37-default-rtdb.firebaseio.com","type":"DEFAULT_DATABASE","state":"ACTIVE"}
[info] 
[info] Firebase Realtime Database Security Rules allow you to define how your data should be
[info] structured and when your data can be read from and written to.
[info] 
[debug] [2023-10-28T03:54:55.910Z] >>> [apiv2][query] GET https://sistema-bab37-default-rtdb.firebaseio.com/.settings/rules.json [none]
[debug] [2023-10-28T03:54:56.189Z] <<< [apiv2][status] GET https://sistema-bab37-default-rtdb.firebaseio.com/.settings/rules.json 200
[debug] [2023-10-28T03:54:56.189Z] <<< [apiv2][body] GET https://sistema-bab37-default-rtdb.firebaseio.com/.settings/rules.json [stream]
[info] +  Database Rules for sistema-bab37-default-rtdb have been written to n. 
[info] Future modifications to n will update Realtime Database Security Rules when you run
[info] firebase deploy.
[info] 
=== Hosting Setup
[info] 
[info] Your public directory is the folder (relative to your project directory) that
[info] will contain Hosting assets to be uploaded with firebase deploy. If you
[info] have a build process for your assets, use your build's output directory.
[info] 
[info] +  Wrote y/404.html 
[debug] [2023-10-28T03:55:11.416Z] >>> [apiv2][query] GET https://www.gstatic.com/firebasejs/releases.json [none]
[debug] [2023-10-28T03:55:11.528Z] <<< [apiv2][status] GET https://www.gstatic.com/firebasejs/releases.json 200
[debug] [2023-10-28T03:55:11.528Z] <<< [apiv2][body] GET https://www.gstatic.com/firebasejs/releases.json {"current":{"version":"10.5.2","browserURL":"https://www.gstatic.com/firebasejs/10.5.2/firebase.js","packageURL":"https://www.gstatic.com/firebasejs/10.5.2/firebase.tgz"},"live":{"version":"10.5","browserURL":"https://www.gstatic.com/firebasejs/live/10.5/firebase.js","packageURL":"https://www.gstatic.com/firebasejs/live/10.5/firebase.tgz"},"components":{"analytics":"https://www.gstatic.com/firebasejs/10.5.2/firebase-analytics.js","app":"https://www.gstatic.com/firebasejs/10.5.2/firebase-app.js","app-check":"https://www.gstatic.com/firebasejs/10.5.2/firebase-app-check.js","auth":"https://www.gstatic.com/firebasejs/10.5.2/firebase-auth.js","auth/cordova":"https://www.gstatic.com/firebasejs/10.5.2/firebase-auth/cordova.js","functions":"https://www.gstatic.com/firebasejs/10.5.2/firebase-functions.js","firestore":"https://www.gstatic.com/firebasejs/10.5.2/firebase-firestore.js","firestore/lite":"https://www.gstatic.com/firebasejs/10.5.2/firebase-firestore/lite.js","installations":"https://www.gstatic.com/firebasejs/10.5.2/firebase-installations.js","storage":"https://www.gstatic.com/firebasejs/10.5.2/firebase-storage.js","performance":"https://www.gstatic.com/firebasejs/10.5.2/firebase-performance.js","remote-config":"https://www.gstatic.com/firebasejs/10.5.2/firebase-remote-config.js","messaging":"https://www.gstatic.com/firebasejs/10.5.2/firebase-messaging.js","messaging/sw":"https://www.gstatic.com/firebasejs/10.5.2/firebase-messaging/sw.js","database":"https://www.gstatic.com/firebasejs/10.5.2/firebase-database.js","firestore.memory":"https://www.gstatic.com/firebasejs/10.5.2/firebase-firestore.memory.js"}}
[info] +  Wrote y/index.html 
[info] 
[info] i  Didn't detect a .git folder. Assuming C:\Users\Omar Jaramillo\firebase is the project root. 
[info] i  Authorizing with GitHub to upload your service account to a GitHub repository's secrets store. 
[info] 
[info] Visit this URL on this device to log in:
[info] https://github.com/login/oauth/authorize?client_id=89cf50f02ac6aaed3484&state=106973578&redirect_uri=http%3A%2F%2Flocalhost%3A9005&scope=read%3Auser%20repo%20public_repo
[info] 
[info] Waiting for authentication...
